Log file open, 09/16/14 15:30:28
LogInit:Display: Running engine for game: skill_u4_engineering
LogInit: Version: 4.4.1-2270799+++depot+UE4-Releases+4.4
LogInit: API Version: 2255576
LogInit: Compiled (64-bit): Aug 25 2014 14:19:12
LogInit: Build Configuration: Development
LogInit: Branch Name: ++depot+UE4-Releases+4.4
LogInit: Command line: 
LogInit: Base directory: C:/Program Files/Unreal Engine/4.4/Engine/Binaries/Win64/
LogInit: Rocket: 1
[2014.09.16-21.30.28:673][  0]LogTaskGraph: Started task graph with 3 named threads and 4 total threads.
[2014.09.16-21.30.28:699][  0]LogOnline:Warning: No default platform service specified for OnlineSubsystem
[2014.09.16-21.30.28:706][  0]LogInit: Presizing for 0 objects not considered by GC, pre-allocating 0 bytes.
[2014.09.16-21.30.28:714][  0]LogInit: Object subsystem initialized
[2014.09.16-21.30.28:715][  0]LogInit: Selected Device Profile: [Windows]
[2014.09.16-21.30.28:715][  0]LogInit: Applying CVar settings loaded from the selected device profile: [Windows]
[2014.09.16-21.30.28:719][  0]LogInit: Computer: TCPC-09
[2014.09.16-21.30.28:719][  0]LogInit: User: u0885855
[2014.09.16-21.30.28:720][  0]LogInit: CPU Page size=4096, Cores=4
[2014.09.16-21.30.28:720][  0]LogInit: High frequency timer resolution =3.906367 MHz
[2014.09.16-21.30.28:720][  0]LogMemory: Memory total: Physical=8.0GB (8GB approx) Virtual=8192.0GB
[2014.09.16-21.30.28:720][  0]LogMemory: Platform Memory Stats for Windows
[2014.09.16-21.30.28:720][  0]LogMemory: Process Physical Memory: 62.16 MB used, 62.16 MB peak
[2014.09.16-21.30.28:720][  0]LogMemory: Process Virtual Memory: 38.38 MB used, 38.38 MB peak
[2014.09.16-21.30.28:720][  0]LogMemory: Physical Memory: 2947.61 MB used, 8173.54 MB total
[2014.09.16-21.30.28:720][  0]LogMemory: Virtual Memory: 257.78 MB used, 8388608.00 MB total
[2014.09.16-21.30.28:747][  0]LogD3D11RHI: Found D3D11 adapter 0: NVIDIA GeForce GT 630 (Feature Level 11_0)
[2014.09.16-21.30.28:747][  0]LogD3D11RHI: Adapter has 978MB of dedicated video memory, 0MB of dedicated system memory, and 3071MB of shared system memory, 1 output[s]
[2014.09.16-21.30.28:747][  0]LogD3D11RHI: Chosen D3D11 Adapter Id = 0
[2014.09.16-21.30.28:753][  0]LogRHI: Texture pool is 684 MB (70% of 978 MB)
[2014.09.16-21.30.28:760][  0]LogD3D11RHI: Async texture creation enabled
[2014.09.16-21.30.28:867][  0]LogContentStreaming: Texture pool size is 0.000000MB
[2014.09.16-21.30.30:253][  0]LogTargetPlatformManager:Display: Building Assets For Windows
[2014.09.16-21.30.30:595][  0]LogTargetPlatformManager:Display: Building Assets For Windows
[2014.09.16-21.30.30:629][  0]LogDerivedDataCache:Display: Max Cache Size: 512 MB
[2014.09.16-21.30.30:690][  0]LogDerivedDataCache: Loaded boot cache 0.06s 39MB C:/Users/u0885855/AppData/Local/UnrealEngine/4.4/DerivedDataCache/Boot.ddc.
[2014.09.16-21.30.30:690][  0]LogDerivedDataCache:Display: Loaded Boot cache: C:/Users/u0885855/AppData/Local/UnrealEngine/4.4/DerivedDataCache/Boot.ddc
[2014.09.16-21.30.30:690][  0]LogDerivedDataCache: FDerivedDataBackendGraph:  Pak pak cache file ../../../../../../Users/u0885855/Documents/Unreal Projects/skill_u4_engineering/DerivedDataCache/DDC.ddp not found, will not use a pak cache.
[2014.09.16-21.30.30:690][  0]LogDerivedDataCache: Unable to find inner node Pak for hierarchical cache Hierarchy.
[2014.09.16-21.30.30:705][  0]LogDerivedDataCache:Display: Pak cache opened for reading ../../../Engine/DerivedDataCache/DDC.ddp.
[2014.09.16-21.30.30:716][  0]LogDerivedDataCache: Using Local data cache path C:/Users/u0885855/AppData/Local/UnrealEngine/4.4/DerivedDataCache: Writable
[2014.09.16-21.30.30:867][  0]LogMeshUtilities: No automatic mesh reduction module available
[2014.09.16-21.30.30:867][  0]LogMeshUtilities: No automatic mesh merging module available
[2014.09.16-21.30.31:219][  0]LogInit: WinSock: version 1.1 (2.2), MaxSocks=32767, MaxUdp=65467
[2014.09.16-21.30.31:937][  0]LogStats:Warning: MetaData mismatch. Did you assign a stat to two groups? New //STATGROUP_Threads//FMonitoredProcess///Thread_ec0_0///////STATCAT_Advanced//// old //STATGROUP_Threads//FMonitoredProcess///Thread_24e8_0///////STATCAT_Advanced////
[2014.09.16-21.30.31:937][  0]UdpMessaging: Initializing bridge on interface 0.0.0.0:0 to multicast group 230.0.0.1:6666.
[2014.09.16-21.30.32:027][  0]SourceControl: Info Source control is disabled
[2014.09.16-21.30.32:028][  0]SourceControl: Info Source control is disabled
[2014.09.16-21.30.32:032][  0]SourceControl: Info Source control is disabled
[2014.09.16-21.30.32:167][  0]BlueprintLog: New page: Editor Load
[2014.09.16-21.30.32:238][  0]LogObj: 21438 objects as part of root set at end of initial load.
[2014.09.16-21.30.32:238][  0]LogUObjectAllocator: 4218648 out of 0 bytes used by permanent object pool.
[2014.09.16-21.30.32:396][  0]LogEngine: Initializing Engine...
[2014.09.16-21.30.32:495][  0]LogInit: XAudio2 using 'Digital Audio (S/PDIF) (4- High Definition Audio Device)' : 2 channels at 44.1 kHz using 16 bits per sample (channel mask 0x3)
[2014.09.16-21.30.32:524][  0]LogInit: FAudioDevice initialized.
[2014.09.16-21.30.32:538][  0]LogAIModule: Creating AISystem for world NewWorld
[2014.09.16-21.30.32:571][  0]LogDerivedDataCache: Saved boot cache 0.03s 39MB C:/Users/u0885855/AppData/Local/UnrealEngine/4.4/DerivedDataCache/Boot.ddc.
[2014.09.16-21.30.32:581][  0]LogInit: Texture streaming: Enabled
[2014.09.16-21.30.32:605][  0]LogInit: Transaction tracking system initialized
[2014.09.16-21.30.32:687][  0]LogAssetRegistry: FAssetRegistry took 0.0095 seconds to start up
[2014.09.16-21.30.33:070][  0]LogTargetPlatformManager:Display: Building Assets For Windows
[2014.09.16-21.30.33:353][  0]LogTargetPlatformManager:Display: Building Assets For Windows
[2014.09.16-21.30.33:453][  0]LogConsoleResponse:Display: 
[2014.09.16-21.30.33:587][  0]LogStats:Warning: MetaData mismatch. Did you assign a stat to two groups? New //STATGROUP_Threads//FMonitoredProcess///Thread_1f44_0///////STATCAT_Advanced//// old //STATGROUP_Threads//FMonitoredProcess///Thread_24e8_0///////STATCAT_Advanced////
[2014.09.16-21.30.33:587][  0]LogStats:Warning: MetaData mismatch. Did you assign a stat to two groups? New //STATGROUP_Threads//FMonitoredProcess///Thread_1214_0///////STATCAT_Advanced//// old //STATGROUP_Threads//FMonitoredProcess///Thread_24e8_0///////STATCAT_Advanced////
[2014.09.16-21.30.33:587][  0]SourceControl: Info Source control is disabled
[2014.09.16-21.30.33:588][  0]Cmd: MAP LOAD FILE="../../../Engine/Content/Maps/Templates/Template_Default.umap" TEMPLATE=1 SHOWPROGRESS=1
[2014.09.16-21.30.33:588][  0]LightingResults: New page: Lighting Build
[2014.09.16-21.30.33:594][  0]MapCheck: New page: Map Check
[2014.09.16-21.30.33:594][  0]LightingResults: New page: Lighting Build
[2014.09.16-21.30.33:607][  0]LogParticles: Destroying 0 GPU particle simulations for FXSystem 0x000000000EF29300
[2014.09.16-21.30.33:765][  0]LogEditorServer: Finished looking for orphan Actors (0.000 secs)
[2014.09.16-21.30.33:766][  0]LogAIModule: Creating AISystem for world Template_Default
[2014.09.16-21.30.33:766][  0]Cmd: MAP CHECKDEP
[2014.09.16-21.30.33:766][  0]MapCheck: New page: Untitled_1 - Sep 16, 2014, 9:30:33 AM
[2014.09.16-21.30.33:812][  0]MapCheck: Info ========== Map Check: 0 Error(s), 0 Warning(s), [46.484ms] ==========
[2014.09.16-21.30.33:812][  0]LogFileHelpers: Loading map 'Template_Default' took 0.225
[2014.09.16-21.30.33:895][  0]LogCollectionManager: Loaded 0 collections in 0.000914 seconds
[2014.09.16-21.30.33:962][  0]LogCrashTracker: Crashtracker disabled due to settings.
[2014.09.16-21.30.34:007][  0]LogLoad: Full Startup: 6.93 seconds (BP compile: 0.06 seconds)
[2014.09.16-21.30.34:188][  0]LogRenderer:Warning: Reallocating scene render targets to support 1136x896.
[2014.09.16-21.30.35:202][ 26]LogAssetRegistry: Asset discovery search completed in 2.5245 seconds
[2014.09.16-21.31.01:168][993]LogContentBrowser:Verbose: The content browser source was changed by the sources view to '/Game/NewFolder'
[2014.09.16-21.31.02:960][ 56]LogContentBrowser:Verbose: The content browser source was changed by the sources view to '/Game/NewFolder'
[2014.09.16-21.31.21:724][303]LogContentBrowser:Verbose: The content browser source was changed by the sources view to 'None'
[2014.09.16-21.31.27:345][731]LogContentBrowser:Verbose: The content browser source was changed by the sources view to '/Game'
[2014.09.16-21.31.28:365][849]LogContentBrowser:Verbose: The content browser source was changed by the sources view to '/Game/NewFolder'
[2014.09.16-21.31.44:067][993]LogContentBrowser:Verbose: The content browser source was changed by the sources view to '/Game/Satic_meshes'
[2014.09.16-21.31.53:276][992]LogContentBrowser:Verbose: The content browser source was changed by the sources view to '/Game/Satic_meshes/NewFolder'
[2014.09.16-21.31.57:249][282]LogContentBrowser:Verbose: The content browser source was changed by the sources view to '/Game/Satic_meshes/NewFolder'
[2014.09.16-21.31.58:594][383]LogContentBrowser:Verbose: The content browser source was changed by the sources view to '/Game/Satic_meshes'
[2014.09.16-21.31.59:901][483]LogContentBrowser:Verbose: The content browser source was changed by the sources view to '/Game/Satic_meshes/NewFolder'
[2014.09.16-21.32.02:913][821]LogContentBrowser:Verbose: The content browser source was changed by the sources view to 'None'
[2014.09.16-21.32.03:795][889]LogContentBrowser:Verbose: The content browser source was changed by the sources view to '/Game/Satic_meshes'
[2014.09.16-21.32.09:163][499]LogContentBrowser:Verbose: The content browser source was changed by the sources view to 'None'
[2014.09.16-21.32.10:721][622]LogContentBrowser:Verbose: The content browser source was changed by the sources view to '/Game'
[2014.09.16-21.32.11:224][677]LogContentBrowser:Verbose: The content browser source was changed by the sources view to '/Game/NewFolder'
[2014.09.16-21.32.18:845][233]LogContentBrowser:Verbose: The content browser source was changed by the sources view to '/Game/Static_Meshes'
[2014.09.16-21.32.20:191][333]LogContentBrowser:Verbose: The content browser source was changed by the sources view to '/Game'
[2014.09.16-21.32.21:324][465]LogContentBrowser:Verbose: The content browser source was changed by the sources view to '/Game/NewFolder'
[2014.09.16-21.32.29:636][ 71]LogContentBrowser:Verbose: The content browser source was changed by the sources view to '/Game/Skeletal_Meshes'
[2014.09.16-21.32.31:532][213]LogContentBrowser:Verbose: The content browser source was changed by the sources view to '/Game'
[2014.09.16-21.32.32:565][331]LogContentBrowser:Verbose: The content browser source was changed by the sources view to '/Game/NewFolder'
[2014.09.16-21.32.35:336][534]LogContentBrowser:Verbose: The content browser source was changed by the sources view to '/Game/Materials'
[2014.09.16-21.32.36:260][606]LogContentBrowser:Verbose: The content browser source was changed by the sources view to '/Game'
[2014.09.16-21.32.36:885][677]LogContentBrowser:Verbose: The content browser source was changed by the sources view to '/Game/NewFolder'
[2014.09.16-21.32.41:967][ 48]LogContentBrowser:Verbose: The content browser source was changed by the sources view to '/Game/Textures'
[2014.09.16-21.32.43:363][152]LogContentBrowser:Verbose: The content browser source was changed by the sources view to '/Game'
[2014.09.16-21.32.44:096][236]LogContentBrowser:Verbose: The content browser source was changed by the sources view to '/Game/NewFolder'
[2014.09.16-21.32.47:500][485]LogContentBrowser:Verbose: The content browser source was changed by the sources view to '/Game/Animations'
[2014.09.16-21.32.48:898][590]LogContentBrowser:Verbose: The content browser source was changed by the sources view to '/Game'
[2014.09.16-21.32.50:398][758]LogContentBrowser:Verbose: The content browser source was changed by the sources view to '/Game/NewFolder'
[2014.09.16-21.32.54:243][ 39]LogContentBrowser:Verbose: The content browser source was changed by the sources view to '/Game/Particles'
[2014.09.16-21.32.55:466][133]LogContentBrowser:Verbose